{"total": {"lines":{"total":314,"covered":138,"skipped":0,"pct":43.94},"statements":{"total":332,"covered":139,"skipped":0,"pct":41.86},"functions":{"total":59,"covered":8,"skipped":0,"pct":13.55},"branches":{"total":72,"covered":14,"skipped":0,"pct":19.44},"branchesTrue":{"total":0,"covered":0,"skipped":0,"pct":100}}
,"/Users/michael/CS/Team2/server/jest.config.js": {"lines":{"total":1,"covered":0,"skipped":0,"pct":0},"functions":{"total":0,"covered":0,"skipped":0,"pct":100},"statements":{"total":1,"covered":0,"skipped":0,"pct":0},"branches":{"total":0,"covered":0,"skipped":0,"pct":100}}
,"/Users/michael/CS/Team2/server/server.js": {"lines":{"total":158,"covered":38,"skipped":0,"pct":24.05},"functions":{"total":40,"covered":1,"skipped":0,"pct":2.5},"statements":{"total":176,"covered":39,"skipped":0,"pct":22.15},"branches":{"total":50,"covered":4,"skipped":0,"pct":8}}
,"/Users/michael/CS/Team2/server/socketServer.js": {"lines":{"total":17,"covered":1,"skipped":0,"pct":5.88},"functions":{"total":5,"covered":0,"skipped":0,"pct":0},"statements":{"total":17,"covered":1,"skipped":0,"pct":5.88},"branches":{"total":0,"covered":0,"skipped":0,"pct":100}}
,"/Users/michael/CS/Team2/server/config/config.js": {"lines":{"total":1,"covered":1,"skipped":0,"pct":100},"functions":{"total":0,"covered":0,"skipped":0,"pct":100},"statements":{"total":1,"covered":1,"skipped":0,"pct":100},"branches":{"total":0,"covered":0,"skipped":0,"pct":100}}
,"/Users/michael/CS/Team2/server/controllers/completeSignin.js": {"lines":{"total":13,"covered":13,"skipped":0,"pct":100},"functions":{"total":1,"covered":1,"skipped":0,"pct":100},"statements":{"total":13,"covered":13,"skipped":0,"pct":100},"branches":{"total":0,"covered":0,"skipped":0,"pct":100}}
,"/Users/michael/CS/Team2/server/controllers/configFirebase.js": {"lines":{"total":6,"covered":4,"skipped":0,"pct":66.66},"functions":{"total":1,"covered":0,"skipped":0,"pct":0},"statements":{"total":6,"covered":4,"skipped":0,"pct":66.66},"branches":{"total":0,"covered":0,"skipped":0,"pct":100}}
,"/Users/michael/CS/Team2/server/controllers/index.js": {"lines":{"total":13,"covered":13,"skipped":0,"pct":100},"functions":{"total":0,"covered":0,"skipped":0,"pct":100},"statements":{"total":13,"covered":13,"skipped":0,"pct":100},"branches":{"total":0,"covered":0,"skipped":0,"pct":100}}
,"/Users/michael/CS/Team2/server/controllers/jeopardy.js": {"lines":{"total":9,"covered":9,"skipped":0,"pct":100},"functions":{"total":1,"covered":1,"skipped":0,"pct":100},"statements":{"total":9,"covered":9,"skipped":0,"pct":100},"branches":{"total":0,"covered":0,"skipped":0,"pct":100}}
,"/Users/michael/CS/Team2/server/controllers/sendEmailLink.js": {"lines":{"total":28,"covered":8,"skipped":0,"pct":28.57},"functions":{"total":2,"covered":0,"skipped":0,"pct":0},"statements":{"total":28,"covered":8,"skipped":0,"pct":28.57},"branches":{"total":4,"covered":0,"skipped":0,"pct":0}}
,"/Users/michael/CS/Team2/server/controllers/signin.js": {"lines":{"total":19,"covered":14,"skipped":0,"pct":73.68},"functions":{"total":1,"covered":1,"skipped":0,"pct":100},"statements":{"total":19,"covered":14,"skipped":0,"pct":73.68},"branches":{"total":4,"covered":2,"skipped":0,"pct":50}}
,"/Users/michael/CS/Team2/server/lib/firebaseAdmin.js": {"lines":{"total":8,"covered":7,"skipped":0,"pct":87.5},"functions":{"total":0,"covered":0,"skipped":0,"pct":100},"statements":{"total":8,"covered":7,"skipped":0,"pct":87.5},"branches":{"total":2,"covered":1,"skipped":0,"pct":50}}
,"/Users/michael/CS/Team2/server/lib/firebaseAdminKey.js": {"lines":{"total":1,"covered":1,"skipped":0,"pct":100},"functions":{"total":0,"covered":0,"skipped":0,"pct":100},"statements":{"total":1,"covered":1,"skipped":0,"pct":100},"branches":{"total":0,"covered":0,"skipped":0,"pct":100}}
,"/Users/michael/CS/Team2/server/lib/firebaseConfig.js": {"lines":{"total":5,"covered":5,"skipped":0,"pct":100},"functions":{"total":0,"covered":0,"skipped":0,"pct":100},"statements":{"total":5,"covered":5,"skipped":0,"pct":100},"branches":{"total":0,"covered":0,"skipped":0,"pct":100}}
,"/Users/michael/CS/Team2/server/migrations/20240918182647-create-jeopardy.js": {"lines":{"total":3,"covered":0,"skipped":0,"pct":0},"functions":{"total":2,"covered":0,"skipped":0,"pct":0},"statements":{"total":3,"covered":0,"skipped":0,"pct":0},"branches":{"total":0,"covered":0,"skipped":0,"pct":100}}
,"/Users/michael/CS/Team2/server/models/index.js": {"lines":{"total":25,"covered":21,"skipped":0,"pct":84},"functions":{"total":3,"covered":3,"skipped":0,"pct":100},"statements":{"total":25,"covered":21,"skipped":0,"pct":84},"branches":{"total":12,"covered":7,"skipped":0,"pct":58.33}}
,"/Users/michael/CS/Team2/server/models/jeopardy_questions.js": {"lines":{"total":3,"covered":3,"skipped":0,"pct":100},"functions":{"total":1,"covered":1,"skipped":0,"pct":100},"statements":{"total":3,"covered":3,"skipped":0,"pct":100},"branches":{"total":0,"covered":0,"skipped":0,"pct":100}}
,"/Users/michael/CS/Team2/server/seeders/20240918182747-demo_jeopardies.js": {"lines":{"total":4,"covered":0,"skipped":0,"pct":0},"functions":{"total":2,"covered":0,"skipped":0,"pct":0},"statements":{"total":4,"covered":0,"skipped":0,"pct":0},"branches":{"total":0,"covered":0,"skipped":0,"pct":100}}
}
