{"/Users/michael/CS/Team2/server/jest.config.js": {"path":"/Users/michael/CS/Team2/server/jest.config.js","statementMap":{"0":{"start":{"line":2,"column":0},"end":{"line":44,"column":2}}},"fnMap":{},"branchMap":{},"s":{"0":0},"f":{},"b":{}}
,"/Users/michael/CS/Team2/server/server.js": {"path":"/Users/michael/CS/Team2/server/server.js","statementMap":{"0":{"start":{"line":1,"column":0},"end":{"line":1,"column":27}},"1":{"start":{"line":2,"column":16},"end":{"line":2,"column":34}},"2":{"start":{"line":3,"column":19},"end":{"line":3,"column":41}},"3":{"start":{"line":4,"column":22},"end":{"line":4,"column":42}},"4":{"start":{"line":5,"column":11},"end":{"line":5,"column":30}},"5":{"start":{"line":6,"column":13},"end":{"line":6,"column":28}},"6":{"start":{"line":7,"column":12},"end":{"line":7,"column":21}},"7":{"start":{"line":8,"column":15},"end":{"line":8,"column":39}},"8":{"start":{"line":9,"column":26},"end":{"line":9,"column":51}},"9":{"start":{"line":10,"column":13},"end":{"line":10,"column":28}},"10":{"start":{"line":14,"column":16},"end":{"line":14,"column":54}},"11":{"start":{"line":17,"column":2},"end":{"line":22,"column":32}},"12":{"start":{"line":18,"column":4},"end":{"line":18,"column":16}},"13":{"start":{"line":19,"column":4},"end":{"line":21,"column":5}},"14":{"start":{"line":19,"column":17},"end":{"line":19,"column":18}},"15":{"start":{"line":20,"column":6},"end":{"line":20,"column":71}},"16":{"start":{"line":24,"column":2},"end":{"line":24,"column":16}},"17":{"start":{"line":27,"column":0},"end":{"line":27,"column":31}},"18":{"start":{"line":28,"column":0},"end":{"line":28,"column":24}},"19":{"start":{"line":29,"column":0},"end":{"line":29,"column":27}},"20":{"start":{"line":30,"column":0},"end":{"line":30,"column":51}},"21":{"start":{"line":32,"column":13},"end":{"line":32,"column":37}},"22":{"start":{"line":33,"column":15},"end":{"line":33,"column":37}},"23":{"start":{"line":36,"column":18},"end":{"line":42,"column":2}},"24":{"start":{"line":45,"column":0},"end":{"line":51,"column":5}},"25":{"start":{"line":47,"column":4},"end":{"line":47,"column":65}},"26":{"start":{"line":50,"column":4},"end":{"line":50,"column":61}},"27":{"start":{"line":53,"column":18},"end":{"line":53,"column":20}},"28":{"start":{"line":54,"column":25},"end":{"line":54,"column":38}},"29":{"start":{"line":55,"column":26},"end":{"line":55,"column":39}},"30":{"start":{"line":59,"column":25},"end":{"line":59,"column":58}},"31":{"start":{"line":62,"column":26},"end":{"line":62,"column":75}},"32":{"start":{"line":62,"column":51},"end":{"line":62,"column":74}},"33":{"start":{"line":63,"column":32},"end":{"line":63,"column":88}},"34":{"start":{"line":63,"column":57},"end":{"line":63,"column":87}},"35":{"start":{"line":64,"column":31},"end":{"line":64,"column":86}},"36":{"start":{"line":64,"column":56},"end":{"line":64,"column":85}},"37":{"start":{"line":67,"column":4},"end":{"line":67,"column":98}},"38":{"start":{"line":68,"column":4},"end":{"line":68,"column":111}},"39":{"start":{"line":69,"column":4},"end":{"line":69,"column":109}},"40":{"start":{"line":72,"column":31},"end":{"line":72,"column":79}},"41":{"start":{"line":72,"column":66},"end":{"line":72,"column":76}},"42":{"start":{"line":73,"column":37},"end":{"line":73,"column":91}},"43":{"start":{"line":73,"column":78},"end":{"line":73,"column":88}},"44":{"start":{"line":75,"column":4},"end":{"line":78,"column":5}},"45":{"start":{"line":76,"column":8},"end":{"line":76,"column":92}},"46":{"start":{"line":77,"column":8},"end":{"line":77,"column":21}},"47":{"start":{"line":80,"column":4},"end":{"line":84,"column":5}},"48":{"start":{"line":80,"column":41},"end":{"line":80,"column":99}},"49":{"start":{"line":80,"column":67},"end":{"line":80,"column":85}},"50":{"start":{"line":81,"column":47},"end":{"line":81,"column":111}},"51":{"start":{"line":81,"column":79},"end":{"line":81,"column":97}},"52":{"start":{"line":82,"column":8},"end":{"line":82,"column":72}},"53":{"start":{"line":83,"column":8},"end":{"line":83,"column":21}},"54":{"start":{"line":87,"column":4},"end":{"line":90,"column":5}},"55":{"start":{"line":87,"column":79},"end":{"line":87,"column":89}},"56":{"start":{"line":88,"column":8},"end":{"line":88,"column":61}},"57":{"start":{"line":89,"column":8},"end":{"line":89,"column":21}},"58":{"start":{"line":92,"column":4},"end":{"line":92,"column":55}},"59":{"start":{"line":93,"column":4},"end":{"line":93,"column":16}},"60":{"start":{"line":98,"column":2},"end":{"line":110,"column":3}},"61":{"start":{"line":99,"column":18},"end":{"line":102,"column":6}},"62":{"start":{"line":104,"column":4},"end":{"line":104,"column":40}},"63":{"start":{"line":104,"column":28},"end":{"line":104,"column":40}},"64":{"start":{"line":105,"column":24},"end":{"line":105,"column":64}},"65":{"start":{"line":106,"column":4},"end":{"line":106,"column":41}},"66":{"start":{"line":108,"column":4},"end":{"line":108,"column":62}},"67":{"start":{"line":109,"column":4},"end":{"line":109,"column":16}},"68":{"start":{"line":115,"column":2},"end":{"line":123,"column":3}},"69":{"start":{"line":116,"column":22},"end":{"line":118,"column":6}},"70":{"start":{"line":119,"column":4},"end":{"line":119,"column":21}},"71":{"start":{"line":121,"column":4},"end":{"line":121,"column":58}},"72":{"start":{"line":122,"column":4},"end":{"line":122,"column":14}},"73":{"start":{"line":128,"column":2},"end":{"line":133,"column":3}},"74":{"start":{"line":129,"column":4},"end":{"line":129,"column":79}},"75":{"start":{"line":130,"column":4},"end":{"line":130,"column":75}},"76":{"start":{"line":132,"column":4},"end":{"line":132,"column":69}},"77":{"start":{"line":138,"column":2},"end":{"line":138,"column":29}},"78":{"start":{"line":139,"column":2},"end":{"line":139,"column":56}},"79":{"start":{"line":144,"column":2},"end":{"line":144,"column":45}},"80":{"start":{"line":149,"column":2},"end":{"line":149,"column":18}},"81":{"start":{"line":154,"column":22},"end":{"line":154,"column":32}},"82":{"start":{"line":155,"column":2},"end":{"line":165,"column":5}},"83":{"start":{"line":156,"column":17},"end":{"line":156,"column":36}},"84":{"start":{"line":157,"column":4},"end":{"line":164,"column":5}},"85":{"start":{"line":158,"column":6},"end":{"line":163,"column":7}},"86":{"start":{"line":159,"column":8},"end":{"line":159,"column":24}},"87":{"start":{"line":160,"column":13},"end":{"line":163,"column":7}},"88":{"start":{"line":161,"column":8},"end":{"line":161,"column":32}},"89":{"start":{"line":162,"column":8},"end":{"line":162,"column":118}},"90":{"start":{"line":170,"column":0},"end":{"line":172,"column":1}},"91":{"start":{"line":171,"column":2},"end":{"line":171,"column":47}},"92":{"start":{"line":175,"column":0},"end":{"line":206,"column":3}},"93":{"start":{"line":176,"column":18},"end":{"line":176,"column":23}},"94":{"start":{"line":177,"column":19},"end":{"line":177,"column":23}},"95":{"start":{"line":179,"column":2},"end":{"line":192,"column":3}},"96":{"start":{"line":180,"column":4},"end":{"line":180,"column":45}},"97":{"start":{"line":181,"column":4},"end":{"line":183,"column":5}},"98":{"start":{"line":182,"column":6},"end":{"line":182,"column":93}},"99":{"start":{"line":186,"column":4},"end":{"line":186,"column":47}},"100":{"start":{"line":189,"column":4},"end":{"line":191,"column":5}},"101":{"start":{"line":190,"column":6},"end":{"line":190,"column":35}},"102":{"start":{"line":194,"column":23},"end":{"line":194,"column":56}},"103":{"start":{"line":195,"column":17},"end":{"line":195,"column":33}},"104":{"start":{"line":197,"column":2},"end":{"line":203,"column":4}},"105":{"start":{"line":205,"column":2},"end":{"line":205,"column":97}},"106":{"start":{"line":209,"column":0},"end":{"line":212,"column":3}},"107":{"start":{"line":210,"column":24},"end":{"line":210,"column":48}},"108":{"start":{"line":211,"column":2},"end":{"line":211,"column":55}},"109":{"start":{"line":215,"column":0},"end":{"line":237,"column":3}},"110":{"start":{"line":216,"column":17},"end":{"line":216,"column":34}},"111":{"start":{"line":217,"column":15},"end":{"line":217,"column":34}},"112":{"start":{"line":219,"column":2},"end":{"line":221,"column":3}},"113":{"start":{"line":220,"column":4},"end":{"line":220,"column":64}},"114":{"start":{"line":223,"column":23},"end":{"line":223,"column":33}},"115":{"start":{"line":224,"column":20},"end":{"line":224,"column":72}},"116":{"start":{"line":224,"column":47},"end":{"line":224,"column":71}},"117":{"start":{"line":225,"column":21},"end":{"line":225,"column":65}},"118":{"start":{"line":225,"column":52},"end":{"line":225,"column":62}},"119":{"start":{"line":226,"column":20},"end":{"line":232,"column":4}},"120":{"start":{"line":227,"column":30},"end":{"line":227,"column":76}},"121":{"start":{"line":227,"column":52},"end":{"line":227,"column":75}},"122":{"start":{"line":228,"column":4},"end":{"line":231,"column":6}},"123":{"start":{"line":230,"column":41},"end":{"line":230,"column":48}},"124":{"start":{"line":234,"column":2},"end":{"line":234,"column":66}},"125":{"start":{"line":236,"column":2},"end":{"line":236,"column":59}},"126":{"start":{"line":240,"column":0},"end":{"line":264,"column":3}},"127":{"start":{"line":241,"column":21},"end":{"line":241,"column":31}},"128":{"start":{"line":242,"column":30},"end":{"line":242,"column":39}},"129":{"start":{"line":245,"column":15},"end":{"line":245,"column":34}},"130":{"start":{"line":246,"column":2},"end":{"line":248,"column":3}},"131":{"start":{"line":247,"column":4},"end":{"line":247,"column":64}},"132":{"start":{"line":251,"column":19},"end":{"line":251,"column":88}},"133":{"start":{"line":251,"column":44},"end":{"line":251,"column":87}},"134":{"start":{"line":253,"column":2},"end":{"line":255,"column":3}},"135":{"start":{"line":254,"column":4},"end":{"line":254,"column":105}},"136":{"start":{"line":258,"column":2},"end":{"line":263,"column":5}},"137":{"start":{"line":267,"column":0},"end":{"line":303,"column":3}},"138":{"start":{"line":268,"column":21},"end":{"line":268,"column":31}},"139":{"start":{"line":269,"column":15},"end":{"line":269,"column":34}},"140":{"start":{"line":271,"column":2},"end":{"line":273,"column":3}},"141":{"start":{"line":272,"column":4},"end":{"line":272,"column":64}},"142":{"start":{"line":276,"column":2},"end":{"line":286,"column":3}},"143":{"start":{"line":277,"column":4},"end":{"line":277,"column":36}},"144":{"start":{"line":278,"column":9},"end":{"line":286,"column":3}},"145":{"start":{"line":279,"column":4},"end":{"line":279,"column":35}},"146":{"start":{"line":280,"column":9},"end":{"line":286,"column":3}},"147":{"start":{"line":282,"column":4},"end":{"line":282,"column":24}},"148":{"start":{"line":283,"column":4},"end":{"line":283,"column":73}},"149":{"start":{"line":285,"column":4},"end":{"line":285,"column":77}},"150":{"start":{"line":289,"column":20},"end":{"line":289,"column":70}},"151":{"start":{"line":289,"column":47},"end":{"line":289,"column":69}},"152":{"start":{"line":290,"column":21},"end":{"line":290,"column":65}},"153":{"start":{"line":290,"column":52},"end":{"line":290,"column":62}},"154":{"start":{"line":291,"column":20},"end":{"line":297,"column":4}},"155":{"start":{"line":292,"column":30},"end":{"line":292,"column":76}},"156":{"start":{"line":292,"column":52},"end":{"line":292,"column":75}},"157":{"start":{"line":293,"column":4},"end":{"line":296,"column":6}},"158":{"start":{"line":295,"column":41},"end":{"line":295,"column":48}},"159":{"start":{"line":299,"column":2},"end":{"line":299,"column":59}},"160":{"start":{"line":300,"column":2},"end":{"line":300,"column":70}},"161":{"start":{"line":302,"column":2},"end":{"line":302,"column":57}},"162":{"start":{"line":306,"column":0},"end":{"line":316,"column":3}},"163":{"start":{"line":307,"column":21},"end":{"line":307,"column":31}},"164":{"start":{"line":309,"column":2},"end":{"line":311,"column":3}},"165":{"start":{"line":310,"column":4},"end":{"line":310,"column":64}},"166":{"start":{"line":313,"column":2},"end":{"line":313,"column":18}},"167":{"start":{"line":315,"column":2},"end":{"line":315,"column":70}},"168":{"start":{"line":319,"column":0},"end":{"line":330,"column":2}},"169":{"start":{"line":333,"column":0},"end":{"line":343,"column":1}},"170":{"start":{"line":334,"column":2},"end":{"line":339,"column":5}},"171":{"start":{"line":335,"column":4},"end":{"line":337,"column":7}},"172":{"start":{"line":336,"column":6},"end":{"line":336,"column":67}},"173":{"start":{"line":338,"column":4},"end":{"line":338,"column":30}},"174":{"start":{"line":342,"column":2},"end":{"line":342,"column":58}},"175":{"start":{"line":345,"column":0},"end":{"line":345,"column":24}}},"fnMap":{"0":{"name":"generateGameId","decl":{"start":{"line":13,"column":9},"end":{"line":13,"column":23}},"loc":{"start":{"line":13,"column":26},"end":{"line":25,"column":1}},"line":13},"1":{"name":"(anonymous_1)","decl":{"start":{"line":46,"column":8},"end":{"line":46,"column":9}},"loc":{"start":{"line":46,"column":14},"end":{"line":48,"column":3}},"line":46},"2":{"name":"(anonymous_2)","decl":{"start":{"line":49,"column":9},"end":{"line":49,"column":10}},"loc":{"start":{"line":49,"column":16},"end":{"line":51,"column":3}},"line":49},"3":{"name":"validateGame","decl":{"start":{"line":58,"column":15},"end":{"line":58,"column":27}},"loc":{"start":{"line":58,"column":40},"end":{"line":94,"column":1}},"line":58},"4":{"name":"(anonymous_4)","decl":{"start":{"line":62,"column":46},"end":{"line":62,"column":47}},"loc":{"start":{"line":62,"column":51},"end":{"line":62,"column":74}},"line":62},"5":{"name":"(anonymous_5)","decl":{"start":{"line":63,"column":52},"end":{"line":63,"column":53}},"loc":{"start":{"line":63,"column":57},"end":{"line":63,"column":87}},"line":63},"6":{"name":"(anonymous_6)","decl":{"start":{"line":64,"column":51},"end":{"line":64,"column":52}},"loc":{"start":{"line":64,"column":56},"end":{"line":64,"column":85}},"line":64},"7":{"name":"(anonymous_7)","decl":{"start":{"line":72,"column":61},"end":{"line":72,"column":62}},"loc":{"start":{"line":72,"column":66},"end":{"line":72,"column":76}},"line":72},"8":{"name":"(anonymous_8)","decl":{"start":{"line":73,"column":73},"end":{"line":73,"column":74}},"loc":{"start":{"line":73,"column":78},"end":{"line":73,"column":88}},"line":73},"9":{"name":"(anonymous_9)","decl":{"start":{"line":80,"column":34},"end":{"line":80,"column":35}},"loc":{"start":{"line":80,"column":41},"end":{"line":80,"column":99}},"line":80},"10":{"name":"(anonymous_10)","decl":{"start":{"line":80,"column":62},"end":{"line":80,"column":63}},"loc":{"start":{"line":80,"column":67},"end":{"line":80,"column":85}},"line":80},"11":{"name":"(anonymous_11)","decl":{"start":{"line":81,"column":40},"end":{"line":81,"column":41}},"loc":{"start":{"line":81,"column":47},"end":{"line":81,"column":111}},"line":81},"12":{"name":"(anonymous_12)","decl":{"start":{"line":81,"column":74},"end":{"line":81,"column":75}},"loc":{"start":{"line":81,"column":79},"end":{"line":81,"column":97}},"line":81},"13":{"name":"(anonymous_13)","decl":{"start":{"line":87,"column":74},"end":{"line":87,"column":75}},"loc":{"start":{"line":87,"column":79},"end":{"line":87,"column":89}},"line":87},"14":{"name":"getRandomShowNumber","decl":{"start":{"line":97,"column":15},"end":{"line":97,"column":34}},"loc":{"start":{"line":97,"column":37},"end":{"line":111,"column":1}},"line":97},"15":{"name":"getJeopardyData","decl":{"start":{"line":114,"column":15},"end":{"line":114,"column":30}},"loc":{"start":{"line":114,"column":43},"end":{"line":124,"column":1}},"line":114},"16":{"name":"removeGame","decl":{"start":{"line":127,"column":15},"end":{"line":127,"column":25}},"loc":{"start":{"line":127,"column":38},"end":{"line":134,"column":1}},"line":127},"17":{"name":"endGame","decl":{"start":{"line":137,"column":9},"end":{"line":137,"column":16}},"loc":{"start":{"line":137,"column":25},"end":{"line":140,"column":1}},"line":137},"18":{"name":"resolveGame","decl":{"start":{"line":143,"column":9},"end":{"line":143,"column":20}},"loc":{"start":{"line":143,"column":29},"end":{"line":150,"column":1}},"line":143},"19":{"name":"checkForExpiredGames","decl":{"start":{"line":153,"column":9},"end":{"line":153,"column":29}},"loc":{"start":{"line":153,"column":32},"end":{"line":166,"column":1}},"line":153},"20":{"name":"(anonymous_20)","decl":{"start":{"line":155,"column":35},"end":{"line":155,"column":36}},"loc":{"start":{"line":155,"column":45},"end":{"line":165,"column":3}},"line":155},"21":{"name":"(anonymous_21)","decl":{"start":{"line":175,"column":28},"end":{"line":175,"column":29}},"loc":{"start":{"line":175,"column":48},"end":{"line":206,"column":1}},"line":175},"22":{"name":"(anonymous_22)","decl":{"start":{"line":209,"column":29},"end":{"line":209,"column":30}},"loc":{"start":{"line":209,"column":43},"end":{"line":212,"column":1}},"line":209},"23":{"name":"(anonymous_23)","decl":{"start":{"line":215,"column":35},"end":{"line":215,"column":36}},"loc":{"start":{"line":215,"column":49},"end":{"line":237,"column":1}},"line":215},"24":{"name":"(anonymous_24)","decl":{"start":{"line":224,"column":42},"end":{"line":224,"column":43}},"loc":{"start":{"line":224,"column":47},"end":{"line":224,"column":71}},"line":224},"25":{"name":"(anonymous_25)","decl":{"start":{"line":225,"column":47},"end":{"line":225,"column":48}},"loc":{"start":{"line":225,"column":52},"end":{"line":225,"column":62}},"line":225},"26":{"name":"(anonymous_26)","decl":{"start":{"line":226,"column":35},"end":{"line":226,"column":36}},"loc":{"start":{"line":226,"column":47},"end":{"line":232,"column":3}},"line":226},"27":{"name":"(anonymous_27)","decl":{"start":{"line":227,"column":47},"end":{"line":227,"column":48}},"loc":{"start":{"line":227,"column":52},"end":{"line":227,"column":75}},"line":227},"28":{"name":"(anonymous_28)","decl":{"start":{"line":230,"column":36},"end":{"line":230,"column":37}},"loc":{"start":{"line":230,"column":41},"end":{"line":230,"column":48}},"line":230},"29":{"name":"(anonymous_29)","decl":{"start":{"line":240,"column":33},"end":{"line":240,"column":34}},"loc":{"start":{"line":240,"column":47},"end":{"line":264,"column":1}},"line":240},"30":{"name":"(anonymous_30)","decl":{"start":{"line":251,"column":39},"end":{"line":251,"column":40}},"loc":{"start":{"line":251,"column":44},"end":{"line":251,"column":87}},"line":251},"31":{"name":"(anonymous_31)","decl":{"start":{"line":267,"column":36},"end":{"line":267,"column":37}},"loc":{"start":{"line":267,"column":50},"end":{"line":303,"column":1}},"line":267},"32":{"name":"(anonymous_32)","decl":{"start":{"line":289,"column":42},"end":{"line":289,"column":43}},"loc":{"start":{"line":289,"column":47},"end":{"line":289,"column":69}},"line":289},"33":{"name":"(anonymous_33)","decl":{"start":{"line":290,"column":47},"end":{"line":290,"column":48}},"loc":{"start":{"line":290,"column":52},"end":{"line":290,"column":62}},"line":290},"34":{"name":"(anonymous_34)","decl":{"start":{"line":291,"column":35},"end":{"line":291,"column":36}},"loc":{"start":{"line":291,"column":47},"end":{"line":297,"column":3}},"line":291},"35":{"name":"(anonymous_35)","decl":{"start":{"line":292,"column":47},"end":{"line":292,"column":48}},"loc":{"start":{"line":292,"column":52},"end":{"line":292,"column":75}},"line":292},"36":{"name":"(anonymous_36)","decl":{"start":{"line":295,"column":36},"end":{"line":295,"column":37}},"loc":{"start":{"line":295,"column":41},"end":{"line":295,"column":48}},"line":295},"37":{"name":"(anonymous_37)","decl":{"start":{"line":306,"column":34},"end":{"line":306,"column":35}},"loc":{"start":{"line":306,"column":48},"end":{"line":316,"column":1}},"line":306},"38":{"name":"(anonymous_38)","decl":{"start":{"line":334,"column":27},"end":{"line":334,"column":28}},"loc":{"start":{"line":334,"column":33},"end":{"line":339,"column":3}},"line":334},"39":{"name":"(anonymous_39)","decl":{"start":{"line":335,"column":24},"end":{"line":335,"column":25}},"loc":{"start":{"line":335,"column":30},"end":{"line":337,"column":5}},"line":335}},"branchMap":{"0":{"loc":{"start":{"line":32,"column":13},"end":{"line":32,"column":37}},"type":"binary-expr","locations":[{"start":{"line":32,"column":13},"end":{"line":32,"column":29}},{"start":{"line":32,"column":33},"end":{"line":32,"column":37}}],"line":32},"1":{"loc":{"start":{"line":75,"column":4},"end":{"line":78,"column":5}},"type":"if","locations":[{"start":{"line":75,"column":4},"end":{"line":78,"column":5}},{"start":{},"end":{}}],"line":75},"2":{"loc":{"start":{"line":75,"column":8},"end":{"line":75,"column":80}},"type":"binary-expr","locations":[{"start":{"line":75,"column":8},"end":{"line":75,"column":39}},{"start":{"line":75,"column":43},"end":{"line":75,"column":80}}],"line":75},"3":{"loc":{"start":{"line":80,"column":4},"end":{"line":84,"column":5}},"type":"if","locations":[{"start":{"line":80,"column":4},"end":{"line":84,"column":5}},{"start":{},"end":{}}],"line":80},"4":{"loc":{"start":{"line":80,"column":8},"end":{"line":81,"column":112}},"type":"binary-expr","locations":[{"start":{"line":80,"column":8},"end":{"line":80,"column":100}},{"start":{"line":81,"column":8},"end":{"line":81,"column":112}}],"line":80},"5":{"loc":{"start":{"line":87,"column":4},"end":{"line":90,"column":5}},"type":"if","locations":[{"start":{"line":87,"column":4},"end":{"line":90,"column":5}},{"start":{},"end":{}}],"line":87},"6":{"loc":{"start":{"line":87,"column":8},"end":{"line":87,"column":102}},"type":"binary-expr","locations":[{"start":{"line":87,"column":8},"end":{"line":87,"column":39}},{"start":{"line":87,"column":43},"end":{"line":87,"column":102}}],"line":87},"7":{"loc":{"start":{"line":104,"column":4},"end":{"line":104,"column":40}},"type":"if","locations":[{"start":{"line":104,"column":4},"end":{"line":104,"column":40}},{"start":{},"end":{}}],"line":104},"8":{"loc":{"start":{"line":157,"column":4},"end":{"line":164,"column":5}},"type":"if","locations":[{"start":{"line":157,"column":4},"end":{"line":164,"column":5}},{"start":{},"end":{}}],"line":157},"9":{"loc":{"start":{"line":158,"column":6},"end":{"line":163,"column":7}},"type":"if","locations":[{"start":{"line":158,"column":6},"end":{"line":163,"column":7}},{"start":{"line":160,"column":13},"end":{"line":163,"column":7}}],"line":158},"10":{"loc":{"start":{"line":158,"column":10},"end":{"line":158,"column":100}},"type":"binary-expr","locations":[{"start":{"line":158,"column":10},"end":{"line":158,"column":26}},{"start":{"line":158,"column":30},"end":{"line":158,"column":100}}],"line":158},"11":{"loc":{"start":{"line":160,"column":13},"end":{"line":163,"column":7}},"type":"if","locations":[{"start":{"line":160,"column":13},"end":{"line":163,"column":7}},{"start":{},"end":{}}],"line":160},"12":{"loc":{"start":{"line":170,"column":0},"end":{"line":172,"column":1}},"type":"if","locations":[{"start":{"line":170,"column":0},"end":{"line":172,"column":1}},{"start":{},"end":{}}],"line":170},"13":{"loc":{"start":{"line":181,"column":4},"end":{"line":183,"column":5}},"type":"if","locations":[{"start":{"line":181,"column":4},"end":{"line":183,"column":5}},{"start":{},"end":{}}],"line":181},"14":{"loc":{"start":{"line":189,"column":4},"end":{"line":191,"column":5}},"type":"if","locations":[{"start":{"line":189,"column":4},"end":{"line":191,"column":5}},{"start":{},"end":{}}],"line":189},"15":{"loc":{"start":{"line":219,"column":2},"end":{"line":221,"column":3}},"type":"if","locations":[{"start":{"line":219,"column":2},"end":{"line":221,"column":3}},{"start":{},"end":{}}],"line":219},"16":{"loc":{"start":{"line":246,"column":2},"end":{"line":248,"column":3}},"type":"if","locations":[{"start":{"line":246,"column":2},"end":{"line":248,"column":3}},{"start":{},"end":{}}],"line":246},"17":{"loc":{"start":{"line":251,"column":44},"end":{"line":251,"column":87}},"type":"binary-expr","locations":[{"start":{"line":251,"column":44},"end":{"line":251,"column":67}},{"start":{"line":251,"column":71},"end":{"line":251,"column":87}}],"line":251},"18":{"loc":{"start":{"line":253,"column":2},"end":{"line":255,"column":3}},"type":"if","locations":[{"start":{"line":253,"column":2},"end":{"line":255,"column":3}},{"start":{},"end":{}}],"line":253},"19":{"loc":{"start":{"line":271,"column":2},"end":{"line":273,"column":3}},"type":"if","locations":[{"start":{"line":271,"column":2},"end":{"line":273,"column":3}},{"start":{},"end":{}}],"line":271},"20":{"loc":{"start":{"line":276,"column":2},"end":{"line":286,"column":3}},"type":"if","locations":[{"start":{"line":276,"column":2},"end":{"line":286,"column":3}},{"start":{"line":278,"column":9},"end":{"line":286,"column":3}}],"line":276},"21":{"loc":{"start":{"line":278,"column":9},"end":{"line":286,"column":3}},"type":"if","locations":[{"start":{"line":278,"column":9},"end":{"line":286,"column":3}},{"start":{"line":280,"column":9},"end":{"line":286,"column":3}}],"line":278},"22":{"loc":{"start":{"line":280,"column":9},"end":{"line":286,"column":3}},"type":"if","locations":[{"start":{"line":280,"column":9},"end":{"line":286,"column":3}},{"start":{"line":284,"column":9},"end":{"line":286,"column":3}}],"line":280},"23":{"loc":{"start":{"line":309,"column":2},"end":{"line":311,"column":3}},"type":"if","locations":[{"start":{"line":309,"column":2},"end":{"line":311,"column":3}},{"start":{},"end":{}}],"line":309},"24":{"loc":{"start":{"line":333,"column":0},"end":{"line":343,"column":1}},"type":"if","locations":[{"start":{"line":333,"column":0},"end":{"line":343,"column":1}},{"start":{"line":340,"column":7},"end":{"line":343,"column":1}}],"line":333}},"s":{"0":1,"1":1,"2":1,"3":1,"4":1,"5":1,"6":1,"7":1,"8":1,"9":1,"10":1,"11":1,"12":1,"13":1,"14":1,"15":6,"16":1,"17":1,"18":1,"19":1,"20":1,"21":1,"22":1,"23":1,"24":1,"25":0,"26":0,"27":1,"28":1,"29":1,"30":0,"31":0,"32":0,"33":0,"34":0,"35":0,"36":0,"37":0,"38":0,"39":0,"40":0,"41":0,"42":0,"43":0,"44":0,"45":0,"46":0,"47":0,"48":0,"49":0,"50":0,"51":0,"52":0,"53":0,"54":0,"55":0,"56":0,"57":0,"58":0,"59":0,"60":0,"61":0,"62":0,"63":0,"64":0,"65":0,"66":0,"67":0,"68":0,"69":0,"70":0,"71":0,"72":0,"73":0,"74":0,"75":0,"76":0,"77":0,"78":0,"79":0,"80":0,"81":0,"82":0,"83":0,"84":0,"85":0,"86":0,"87":0,"88":0,"89":0,"90":1,"91":0,"92":1,"93":0,"94":0,"95":0,"96":0,"97":0,"98":0,"99":0,"100":0,"101":0,"102":0,"103":0,"104":0,"105":0,"106":1,"107":0,"108":0,"109":1,"110":0,"111":0,"112":0,"113":0,"114":0,"115":0,"116":0,"117":0,"118":0,"119":0,"120":0,"121":0,"122":0,"123":0,"124":0,"125":0,"126":1,"127":0,"128":0,"129":0,"130":0,"131":0,"132":0,"133":0,"134":0,"135":0,"136":0,"137":1,"138":0,"139":0,"140":0,"141":0,"142":0,"143":0,"144":0,"145":0,"146":0,"147":0,"148":0,"149":0,"150":0,"151":0,"152":0,"153":0,"154":0,"155":0,"156":0,"157":0,"158":0,"159":0,"160":0,"161":0,"162":1,"163":0,"164":0,"165":0,"166":0,"167":0,"168":1,"169":1,"170":0,"171":0,"172":0,"173":0,"174":1,"175":1},"f":{"0":1,"1":0,"2":0,"3":0,"4":0,"5":0,"6":0,"7":0,"8":0,"9":0,"10":0,"11":0,"12":0,"13":0,"14":0,"15":0,"16":0,"17":0,"18":0,"19":0,"20":0,"21":0,"22":0,"23":0,"24":0,"25":0,"26":0,"27":0,"28":0,"29":0,"30":0,"31":0,"32":0,"33":0,"34":0,"35":0,"36":0,"37":0,"38":0,"39":0},"b":{"0":[1,1],"1":[0,0],"2":[0,0],"3":[0,0],"4":[0,0],"5":[0,0],"6":[0,0],"7":[0,0],"8":[0,0],"9":[0,0],"10":[0,0],"11":[0,0],"12":[0,1],"13":[0,0],"14":[0,0],"15":[0,0],"16":[0,0],"17":[0,0],"18":[0,0],"19":[0,0],"20":[0,0],"21":[0,0],"22":[0,0],"23":[0,0],"24":[0,1]},"_coverageSchema":"1a1c01bbd47fc00a2c39e90264f33305004495a9","hash":"8c591e04bc1761b91b7345a82aa5ac6fbe8408fb"}
,"/Users/michael/CS/Team2/server/socketServer.js": {"path":"/Users/michael/CS/Team2/server/socketServer.js","statementMap":{"0":{"start":{"line":1,"column":0},"end":{"line":31,"column":2}},"1":{"start":{"line":2,"column":15},"end":{"line":8,"column":6}},"2":{"start":{"line":9,"column":21},"end":{"line":9,"column":23}},"3":{"start":{"line":10,"column":4},"end":{"line":30,"column":7}},"4":{"start":{"line":11,"column":8},"end":{"line":11,"column":55}},"5":{"start":{"line":13,"column":8},"end":{"line":19,"column":11}},"6":{"start":{"line":14,"column":12},"end":{"line":14,"column":30}},"7":{"start":{"line":15,"column":12},"end":{"line":15,"column":36}},"8":{"start":{"line":16,"column":12},"end":{"line":16,"column":76}},"9":{"start":{"line":17,"column":12},"end":{"line":17,"column":107}},"10":{"start":{"line":18,"column":12},"end":{"line":18,"column":102}},"11":{"start":{"line":21,"column":8},"end":{"line":25,"column":11}},"12":{"start":{"line":22,"column":12},"end":{"line":22,"column":87}},"13":{"start":{"line":23,"column":12},"end":{"line":23,"column":117}},"14":{"start":{"line":24,"column":12},"end":{"line":24,"column":127}},"15":{"start":{"line":27,"column":8},"end":{"line":29,"column":11}},"16":{"start":{"line":28,"column":12},"end":{"line":28,"column":58}}},"fnMap":{"0":{"name":"(anonymous_0)","decl":{"start":{"line":1,"column":17},"end":{"line":1,"column":18}},"loc":{"start":{"line":1,"column":35},"end":{"line":31,"column":1}},"line":1},"1":{"name":"(anonymous_1)","decl":{"start":{"line":10,"column":24},"end":{"line":10,"column":25}},"loc":{"start":{"line":10,"column":36},"end":{"line":30,"column":5}},"line":10},"2":{"name":"(anonymous_2)","decl":{"start":{"line":13,"column":29},"end":{"line":13,"column":30}},"loc":{"start":{"line":13,"column":39},"end":{"line":19,"column":9}},"line":13},"3":{"name":"(anonymous_3)","decl":{"start":{"line":21,"column":35},"end":{"line":21,"column":36}},"loc":{"start":{"line":21,"column":44},"end":{"line":25,"column":9}},"line":21},"4":{"name":"(anonymous_4)","decl":{"start":{"line":27,"column":32},"end":{"line":27,"column":33}},"loc":{"start":{"line":27,"column":38},"end":{"line":29,"column":9}},"line":27}},"branchMap":{},"s":{"0":1,"1":0,"2":0,"3":0,"4":0,"5":0,"6":0,"7":0,"8":0,"9":0,"10":0,"11":0,"12":0,"13":0,"14":0,"15":0,"16":0},"f":{"0":0,"1":0,"2":0,"3":0,"4":0},"b":{},"_coverageSchema":"1a1c01bbd47fc00a2c39e90264f33305004495a9","hash":"6772179cf8ae6bfe86fa3d205cd6caf5188eb1fd"}
,"/Users/michael/CS/Team2/server/config/config.js": {"path":"/Users/michael/CS/Team2/server/config/config.js","statementMap":{"0":{"start":{"line":1,"column":0},"end":{"line":26,"column":1}}},"fnMap":{},"branchMap":{},"s":{"0":3},"f":{},"b":{},"_coverageSchema":"1a1c01bbd47fc00a2c39e90264f33305004495a9","hash":"612ecae89330a7993087b3adc1b1acca7a63aa6a"}
,"/Users/michael/CS/Team2/server/controllers/completeSignin.js": {"path":"/Users/michael/CS/Team2/server/controllers/completeSignin.js","statementMap":{"0":{"start":{"line":1,"column":16},"end":{"line":1,"column":34}},"1":{"start":{"line":2,"column":41},"end":{"line":2,"column":65}},"2":{"start":{"line":3,"column":12},"end":{"line":3,"column":44}},"3":{"start":{"line":5,"column":15},"end":{"line":5,"column":31}},"4":{"start":{"line":6,"column":13},"end":{"line":6,"column":25}},"5":{"start":{"line":8,"column":0},"end":{"line":17,"column":3}},"6":{"start":{"line":9,"column":27},"end":{"line":9,"column":35}},"7":{"start":{"line":10,"column":4},"end":{"line":16,"column":5}},"8":{"start":{"line":11,"column":23},"end":{"line":11,"column":66}},"9":{"start":{"line":12,"column":8},"end":{"line":12,"column":88}},"10":{"start":{"line":14,"column":8},"end":{"line":14,"column":50}},"11":{"start":{"line":15,"column":8},"end":{"line":15,"column":60}},"12":{"start":{"line":19,"column":0},"end":{"line":19,"column":24}}},"fnMap":{"0":{"name":"(anonymous_0)","decl":{"start":{"line":8,"column":17},"end":{"line":8,"column":18}},"loc":{"start":{"line":8,"column":36},"end":{"line":17,"column":1}},"line":8}},"branchMap":{},"s":{"0":4,"1":4,"2":4,"3":4,"4":4,"5":4,"6":2,"7":2,"8":2,"9":1,"10":1,"11":1,"12":4},"f":{"0":2},"b":{},"_coverageSchema":"1a1c01bbd47fc00a2c39e90264f33305004495a9","hash":"c63bfb12aaf5fe99483257cfe7900ffff48bd954"}
,"/Users/michael/CS/Team2/server/controllers/configFirebase.js": {"path":"/Users/michael/CS/Team2/server/controllers/configFirebase.js","statementMap":{"0":{"start":{"line":1,"column":16},"end":{"line":1,"column":34}},"1":{"start":{"line":2,"column":15},"end":{"line":2,"column":31}},"2":{"start":{"line":4,"column":0},"end":{"line":16,"column":3}},"3":{"start":{"line":5,"column":27},"end":{"line":13,"column":5}},"4":{"start":{"line":15,"column":4},"end":{"line":15,"column":41}},"5":{"start":{"line":18,"column":0},"end":{"line":18,"column":24}}},"fnMap":{"0":{"name":"(anonymous_0)","decl":{"start":{"line":4,"column":16},"end":{"line":4,"column":17}},"loc":{"start":{"line":4,"column":30},"end":{"line":16,"column":1}},"line":4}},"branchMap":{},"s":{"0":4,"1":4,"2":4,"3":0,"4":0,"5":4},"f":{"0":0},"b":{},"_coverageSchema":"1a1c01bbd47fc00a2c39e90264f33305004495a9","hash":"378c70518a670955a5e8828317a0b274eddbe84a"}
,"/Users/michael/CS/Team2/server/controllers/index.js": {"path":"/Users/michael/CS/Team2/server/controllers/index.js","statementMap":{"0":{"start":{"line":1,"column":16},"end":{"line":1,"column":34}},"1":{"start":{"line":2,"column":15},"end":{"line":2,"column":31}},"2":{"start":{"line":3,"column":27},"end":{"line":3,"column":48}},"3":{"start":{"line":4,"column":22},"end":{"line":4,"column":48}},"4":{"start":{"line":5,"column":23},"end":{"line":5,"column":50}},"5":{"start":{"line":6,"column":23},"end":{"line":6,"column":50}},"6":{"start":{"line":7,"column":15},"end":{"line":7,"column":34}},"7":{"start":{"line":9,"column":0},"end":{"line":9,"column":44}},"8":{"start":{"line":10,"column":0},"end":{"line":10,"column":44}},"9":{"start":{"line":11,"column":0},"end":{"line":11,"column":46}},"10":{"start":{"line":12,"column":0},"end":{"line":12,"column":46}},"11":{"start":{"line":13,"column":0},"end":{"line":13,"column":30}},"12":{"start":{"line":14,"column":0},"end":{"line":14,"column":24}}},"fnMap":{},"branchMap":{},"s":{"0":4,"1":4,"2":4,"3":4,"4":4,"5":4,"6":4,"7":4,"8":4,"9":4,"10":4,"11":4,"12":4},"f":{},"b":{},"_coverageSchema":"1a1c01bbd47fc00a2c39e90264f33305004495a9","hash":"d1c6a78ac04baa8ee1e56dc1c6c022e671af3caf"}
,"/Users/michael/CS/Team2/server/controllers/jeopardy.js": {"path":"/Users/michael/CS/Team2/server/controllers/jeopardy.js","statementMap":{"0":{"start":{"line":1,"column":16},"end":{"line":1,"column":34}},"1":{"start":{"line":2,"column":15},"end":{"line":2,"column":31}},"2":{"start":{"line":3,"column":21},"end":{"line":3,"column":41}},"3":{"start":{"line":5,"column":0},"end":{"line":13,"column":6}},"4":{"start":{"line":7,"column":8},"end":{"line":12,"column":9}},"5":{"start":{"line":8,"column":27},"end":{"line":8,"column":51}},"6":{"start":{"line":9,"column":8},"end":{"line":9,"column":41}},"7":{"start":{"line":11,"column":8},"end":{"line":11,"column":53}},"8":{"start":{"line":15,"column":0},"end":{"line":15,"column":24}}},"fnMap":{"0":{"name":"(anonymous_0)","decl":{"start":{"line":6,"column":9},"end":{"line":6,"column":10}},"loc":{"start":{"line":6,"column":29},"end":{"line":13,"column":5}},"line":6}},"branchMap":{},"s":{"0":4,"1":4,"2":4,"3":4,"4":2,"5":2,"6":1,"7":1,"8":4},"f":{"0":2},"b":{},"_coverageSchema":"1a1c01bbd47fc00a2c39e90264f33305004495a9","hash":"d7f73612de9d634046a79187f137c1cb3ab9e158"}
,"/Users/michael/CS/Team2/server/controllers/sendEmailLink.js": {"path":"/Users/michael/CS/Team2/server/controllers/sendEmailLink.js","statementMap":{"0":{"start":{"line":1,"column":16},"end":{"line":1,"column":34}},"1":{"start":{"line":2,"column":15},"end":{"line":2,"column":31}},"2":{"start":{"line":3,"column":43},"end":{"line":3,"column":67}},"3":{"start":{"line":4,"column":22},"end":{"line":4,"column":53}},"4":{"start":{"line":5,"column":12},"end":{"line":5,"column":44}},"5":{"start":{"line":6,"column":13},"end":{"line":6,"column":25}},"6":{"start":{"line":9,"column":2},"end":{"line":9,"column":49}},"7":{"start":{"line":10,"column":2},"end":{"line":19,"column":3}},"8":{"start":{"line":11,"column":23},"end":{"line":11,"column":60}},"9":{"start":{"line":12,"column":4},"end":{"line":12,"column":16}},"10":{"start":{"line":14,"column":4},"end":{"line":14,"column":67}},"11":{"start":{"line":15,"column":4},"end":{"line":18,"column":60}},"12":{"start":{"line":16,"column":6},"end":{"line":16,"column":19}},"13":{"start":{"line":18,"column":9},"end":{"line":18,"column":59}},"14":{"start":{"line":22,"column":0},"end":{"line":44,"column":3}},"15":{"start":{"line":23,"column":20},"end":{"line":23,"column":28}},"16":{"start":{"line":24,"column":21},"end":{"line":24,"column":51}},"17":{"start":{"line":26,"column":2},"end":{"line":43,"column":3}},"18":{"start":{"line":27,"column":4},"end":{"line":27,"column":67}},"19":{"start":{"line":29,"column":4},"end":{"line":29,"column":28}},"20":{"start":{"line":30,"column":31},"end":{"line":33,"column":5}},"21":{"start":{"line":35,"column":4},"end":{"line":42,"column":5}},"22":{"start":{"line":36,"column":6},"end":{"line":36,"column":67}},"23":{"start":{"line":37,"column":6},"end":{"line":37,"column":38}},"24":{"start":{"line":38,"column":6},"end":{"line":38,"column":60}},"25":{"start":{"line":40,"column":6},"end":{"line":40,"column":57}},"26":{"start":{"line":41,"column":6},"end":{"line":41,"column":61}},"27":{"start":{"line":46,"column":0},"end":{"line":46,"column":24}}},"fnMap":{"0":{"name":"checkIfUserExists","decl":{"start":{"line":8,"column":15},"end":{"line":8,"column":32}},"loc":{"start":{"line":8,"column":40},"end":{"line":20,"column":1}},"line":8},"1":{"name":"(anonymous_1)","decl":{"start":{"line":22,"column":17},"end":{"line":22,"column":18}},"loc":{"start":{"line":22,"column":36},"end":{"line":44,"column":1}},"line":22}},"branchMap":{"0":{"loc":{"start":{"line":15,"column":4},"end":{"line":18,"column":60}},"type":"if","locations":[{"start":{"line":15,"column":4},"end":{"line":18,"column":60}},{"start":{"line":18,"column":8},"end":{"line":18,"column":60}}],"line":15},"1":{"loc":{"start":{"line":26,"column":2},"end":{"line":43,"column":3}},"type":"if","locations":[{"start":{"line":26,"column":2},"end":{"line":43,"column":3}},{"start":{"line":28,"column":9},"end":{"line":43,"column":3}}],"line":26}},"s":{"0":4,"1":4,"2":4,"3":4,"4":4,"5":4,"6":0,"7":0,"8":0,"9":0,"10":0,"11":0,"12":0,"13":0,"14":4,"15":0,"16":0,"17":0,"18":0,"19":0,"20":0,"21":0,"22":0,"23":0,"24":0,"25":0,"26":0,"27":4},"f":{"0":0,"1":0},"b":{"0":[0,0],"1":[0,0]},"_coverageSchema":"1a1c01bbd47fc00a2c39e90264f33305004495a9","hash":"091ec6fd4838189df5ce6ce0436206f32a032fc4"}
,"/Users/michael/CS/Team2/server/controllers/signin.js": {"path":"/Users/michael/CS/Team2/server/controllers/signin.js","statementMap":{"0":{"start":{"line":1,"column":16},"end":{"line":1,"column":34}},"1":{"start":{"line":2,"column":64},"end":{"line":2,"column":88}},"2":{"start":{"line":3,"column":12},"end":{"line":3,"column":44}},"3":{"start":{"line":4,"column":15},"end":{"line":4,"column":31}},"4":{"start":{"line":5,"column":13},"end":{"line":5,"column":25}},"5":{"start":{"line":7,"column":0},"end":{"line":28,"column":5}},"6":{"start":{"line":8,"column":4},"end":{"line":27,"column":5}},"7":{"start":{"line":9,"column":38},"end":{"line":9,"column":46}},"8":{"start":{"line":11,"column":6},"end":{"line":23,"column":7}},"9":{"start":{"line":12,"column":8},"end":{"line":20,"column":9}},"10":{"start":{"line":13,"column":33},"end":{"line":13,"column":76}},"11":{"start":{"line":14,"column":23},"end":{"line":14,"column":42}},"12":{"start":{"line":16,"column":10},"end":{"line":16,"column":77}},"13":{"start":{"line":18,"column":10},"end":{"line":18,"column":60}},"14":{"start":{"line":19,"column":10},"end":{"line":19,"column":59}},"15":{"start":{"line":22,"column":8},"end":{"line":22,"column":65}},"16":{"start":{"line":25,"column":6},"end":{"line":25,"column":39}},"17":{"start":{"line":26,"column":6},"end":{"line":26,"column":62}},"18":{"start":{"line":30,"column":2},"end":{"line":30,"column":26}}},"fnMap":{"0":{"name":"(anonymous_0)","decl":{"start":{"line":7,"column":17},"end":{"line":7,"column":18}},"loc":{"start":{"line":7,"column":36},"end":{"line":28,"column":3}},"line":7}},"branchMap":{"0":{"loc":{"start":{"line":8,"column":4},"end":{"line":27,"column":5}},"type":"if","locations":[{"start":{"line":8,"column":4},"end":{"line":27,"column":5}},{"start":{"line":24,"column":11},"end":{"line":27,"column":5}}],"line":8},"1":{"loc":{"start":{"line":11,"column":6},"end":{"line":23,"column":7}},"type":"if","locations":[{"start":{"line":11,"column":6},"end":{"line":23,"column":7}},{"start":{"line":21,"column":13},"end":{"line":23,"column":7}}],"line":11}},"s":{"0":4,"1":4,"2":4,"3":4,"4":4,"5":4,"6":1,"7":1,"8":1,"9":1,"10":1,"11":1,"12":1,"13":0,"14":0,"15":0,"16":0,"17":0,"18":4},"f":{"0":1},"b":{"0":[1,0],"1":[1,0]},"_coverageSchema":"1a1c01bbd47fc00a2c39e90264f33305004495a9","hash":"6088df50ce1c8d21ee8d506cb7efdb47e9d7ec4c"}
,"/Users/michael/CS/Team2/server/lib/firebaseAdmin.js": {"path":"/Users/michael/CS/Team2/server/lib/firebaseAdmin.js","statementMap":{"0":{"start":{"line":1,"column":14},"end":{"line":1,"column":39}},"1":{"start":{"line":2,"column":23},"end":{"line":2,"column":55}},"2":{"start":{"line":4,"column":0},"end":{"line":6,"column":3}},"3":{"start":{"line":8,"column":18},"end":{"line":8,"column":30}},"4":{"start":{"line":9,"column":0},"end":{"line":13,"column":1}},"5":{"start":{"line":10,"column":4},"end":{"line":10,"column":59}},"6":{"start":{"line":12,"column":4},"end":{"line":12,"column":58}},"7":{"start":{"line":14,"column":0},"end":{"line":14,"column":31}}},"fnMap":{},"branchMap":{"0":{"loc":{"start":{"line":9,"column":0},"end":{"line":13,"column":1}},"type":"if","locations":[{"start":{"line":9,"column":0},"end":{"line":13,"column":1}},{"start":{"line":11,"column":7},"end":{"line":13,"column":1}}],"line":9}},"s":{"0":3,"1":3,"2":3,"3":3,"4":3,"5":3,"6":0,"7":3},"f":{},"b":{"0":[3,0]},"_coverageSchema":"1a1c01bbd47fc00a2c39e90264f33305004495a9","hash":"463a14742b3fa2e449c8647caa20076725a86b98"}
,"/Users/michael/CS/Team2/server/lib/firebaseAdminKey.js": {"path":"/Users/michael/CS/Team2/server/lib/firebaseAdminKey.js","statementMap":{"0":{"start":{"line":1,"column":0},"end":{"line":14,"column":3}}},"fnMap":{},"branchMap":{},"s":{"0":3},"f":{},"b":{},"_coverageSchema":"1a1c01bbd47fc00a2c39e90264f33305004495a9","hash":"bfae07b03d7a609393a0ca754645bef10440d1a0"}
,"/Users/michael/CS/Team2/server/lib/firebaseConfig.js": {"path":"/Users/michael/CS/Team2/server/lib/firebaseConfig.js","statementMap":{"0":{"start":{"line":1,"column":26},"end":{"line":1,"column":49}},"1":{"start":{"line":2,"column":0},"end":{"line":2,"column":27}},"2":{"start":{"line":4,"column":23},"end":{"line":12,"column":1}},"3":{"start":{"line":14,"column":12},"end":{"line":14,"column":41}},"4":{"start":{"line":15,"column":0},"end":{"line":15,"column":21}}},"fnMap":{},"branchMap":{},"s":{"0":4,"1":4,"2":4,"3":4,"4":4},"f":{},"b":{},"_coverageSchema":"1a1c01bbd47fc00a2c39e90264f33305004495a9","hash":"4a5581e8b6da4c3d5f90cc51add42c768316be2e"}
,"/Users/michael/CS/Team2/server/migrations/20240918182647-create-jeopardy.js": {"path":"/Users/michael/CS/Team2/server/migrations/20240918182647-create-jeopardy.js","statementMap":{"0":{"start":{"line":3,"column":0},"end":{"line":43,"column":2}},"1":{"start":{"line":5,"column":4},"end":{"line":38,"column":7}},"2":{"start":{"line":41,"column":4},"end":{"line":41,"column":49}}},"fnMap":{"0":{"name":"(anonymous_0)","decl":{"start":{"line":4,"column":2},"end":{"line":4,"column":3}},"loc":{"start":{"line":4,"column":38},"end":{"line":39,"column":3}},"line":4},"1":{"name":"(anonymous_1)","decl":{"start":{"line":40,"column":2},"end":{"line":40,"column":3}},"loc":{"start":{"line":40,"column":40},"end":{"line":42,"column":3}},"line":40}},"branchMap":{},"s":{"0":0,"1":0,"2":0},"f":{"0":0,"1":0},"b":{}}
,"/Users/michael/CS/Team2/server/models/index.js": {"path":"/Users/michael/CS/Team2/server/models/index.js","statementMap":{"0":{"start":{"line":3,"column":11},"end":{"line":3,"column":24}},"1":{"start":{"line":4,"column":13},"end":{"line":4,"column":28}},"2":{"start":{"line":5,"column":18},"end":{"line":5,"column":38}},"3":{"start":{"line":6,"column":22},"end":{"line":6,"column":47}},"4":{"start":{"line":7,"column":16},"end":{"line":7,"column":34}},"5":{"start":{"line":8,"column":17},"end":{"line":8,"column":42}},"6":{"start":{"line":9,"column":12},"end":{"line":9,"column":49}},"7":{"start":{"line":10,"column":15},"end":{"line":10,"column":63}},"8":{"start":{"line":11,"column":11},"end":{"line":11,"column":13}},"9":{"start":{"line":15,"column":0},"end":{"line":35,"column":1}},"10":{"start":{"line":17,"column":2},"end":{"line":17,"column":34}},"11":{"start":{"line":20,"column":2},"end":{"line":27,"column":5}},"12":{"start":{"line":30,"column":2},"end":{"line":34,"column":3}},"13":{"start":{"line":31,"column":4},"end":{"line":31,"column":76}},"14":{"start":{"line":33,"column":4},"end":{"line":33,"column":89}},"15":{"start":{"line":37,"column":0},"end":{"line":50,"column":5}},"16":{"start":{"line":40,"column":4},"end":{"line":45,"column":6}},"17":{"start":{"line":48,"column":18},"end":{"line":48,"column":85}},"18":{"start":{"line":49,"column":4},"end":{"line":49,"column":27}},"19":{"start":{"line":52,"column":0},"end":{"line":56,"column":3}},"20":{"start":{"line":53,"column":2},"end":{"line":55,"column":3}},"21":{"start":{"line":54,"column":4},"end":{"line":54,"column":32}},"22":{"start":{"line":58,"column":0},"end":{"line":58,"column":25}},"23":{"start":{"line":59,"column":0},"end":{"line":59,"column":25}},"24":{"start":{"line":61,"column":0},"end":{"line":61,"column":20}}},"fnMap":{"0":{"name":"(anonymous_0)","decl":{"start":{"line":39,"column":10},"end":{"line":39,"column":11}},"loc":{"start":{"line":39,"column":18},"end":{"line":46,"column":3}},"line":39},"1":{"name":"(anonymous_1)","decl":{"start":{"line":47,"column":11},"end":{"line":47,"column":12}},"loc":{"start":{"line":47,"column":19},"end":{"line":50,"column":3}},"line":47},"2":{"name":"(anonymous_2)","decl":{"start":{"line":52,"column":24},"end":{"line":52,"column":25}},"loc":{"start":{"line":52,"column":37},"end":{"line":56,"column":1}},"line":52}},"branchMap":{"0":{"loc":{"start":{"line":9,"column":12},"end":{"line":9,"column":49}},"type":"binary-expr","locations":[{"start":{"line":9,"column":12},"end":{"line":9,"column":32}},{"start":{"line":9,"column":36},"end":{"line":9,"column":49}}],"line":9},"1":{"loc":{"start":{"line":15,"column":0},"end":{"line":35,"column":1}},"type":"if","locations":[{"start":{"line":15,"column":0},"end":{"line":35,"column":1}},{"start":{"line":28,"column":7},"end":{"line":35,"column":1}}],"line":15},"2":{"loc":{"start":{"line":30,"column":2},"end":{"line":34,"column":3}},"type":"if","locations":[{"start":{"line":30,"column":2},"end":{"line":34,"column":3}},{"start":{"line":32,"column":9},"end":{"line":34,"column":3}}],"line":30},"3":{"loc":{"start":{"line":41,"column":6},"end":{"line":44,"column":37}},"type":"binary-expr","locations":[{"start":{"line":41,"column":6},"end":{"line":41,"column":29}},{"start":{"line":42,"column":6},"end":{"line":42,"column":23}},{"start":{"line":43,"column":6},"end":{"line":43,"column":30}},{"start":{"line":44,"column":6},"end":{"line":44,"column":37}}],"line":41},"4":{"loc":{"start":{"line":53,"column":2},"end":{"line":55,"column":3}},"type":"if","locations":[{"start":{"line":53,"column":2},"end":{"line":55,"column":3}},{"start":{},"end":{}}],"line":53}},"s":{"0":3,"1":3,"2":3,"3":3,"4":3,"5":3,"6":3,"7":3,"8":3,"9":3,"10":3,"11":3,"12":0,"13":0,"14":0,"15":3,"16":6,"17":3,"18":3,"19":3,"20":3,"21":0,"22":3,"23":3,"24":3},"f":{"0":6,"1":3,"2":3},"b":{"0":[3,0],"1":[3,0],"2":[0,0],"3":[6,6,3,3],"4":[0,3]},"_coverageSchema":"1a1c01bbd47fc00a2c39e90264f33305004495a9","hash":"b5e0bc3b6f2a3013602ebc9a74f1bd80159d045b"}
,"/Users/michael/CS/Team2/server/models/jeopardy_questions.js": {"path":"/Users/michael/CS/Team2/server/models/jeopardy_questions.js","statementMap":{"0":{"start":{"line":1,"column":0},"end":{"line":45,"column":2}},"1":{"start":{"line":2,"column":28},"end":{"line":42,"column":4}},"2":{"start":{"line":44,"column":2},"end":{"line":44,"column":27}}},"fnMap":{"0":{"name":"(anonymous_0)","decl":{"start":{"line":1,"column":17},"end":{"line":1,"column":18}},"loc":{"start":{"line":1,"column":43},"end":{"line":45,"column":1}},"line":1}},"branchMap":{},"s":{"0":3,"1":3,"2":3},"f":{"0":3},"b":{},"_coverageSchema":"1a1c01bbd47fc00a2c39e90264f33305004495a9","hash":"db3028ec8a4c7d32ae4cac3ef2fa2618010b6f08"}
,"/Users/michael/CS/Team2/server/seeders/20240918182747-demo_jeopardies.js": {"path":"/Users/michael/CS/Team2/server/seeders/20240918182747-demo_jeopardies.js","statementMap":{"0":{"start":{"line":7,"column":0},"end":{"line":474,"column":6}},"1":{"start":{"line":9,"column":22},"end":{"line":9,"column":32}},"2":{"start":{"line":10,"column":4},"end":{"line":468,"column":14}},"3":{"start":{"line":472,"column":8},"end":{"line":472,"column":64}}},"fnMap":{"0":{"name":"(anonymous_0)","decl":{"start":{"line":8,"column":2},"end":{"line":8,"column":3}},"loc":{"start":{"line":8,"column":39},"end":{"line":469,"column":5}},"line":8},"1":{"name":"(anonymous_1)","decl":{"start":{"line":471,"column":6},"end":{"line":471,"column":7}},"loc":{"start":{"line":471,"column":44},"end":{"line":473,"column":7}},"line":471}},"branchMap":{},"s":{"0":0,"1":0,"2":0,"3":0},"f":{"0":0,"1":0},"b":{}}
}
