{"/Users/michael/Documents/Capstone/Team2/server/controllers/completeSignin.js": {"path":"/Users/michael/Documents/Capstone/Team2/server/controllers/completeSignin.js","statementMap":{"0":{"start":{"line":1,"column":16},"end":{"line":1,"column":34}},"1":{"start":{"line":2,"column":41},"end":{"line":2,"column":65}},"2":{"start":{"line":3,"column":12},"end":{"line":3,"column":44}},"3":{"start":{"line":5,"column":15},"end":{"line":5,"column":31}},"4":{"start":{"line":6,"column":13},"end":{"line":6,"column":25}},"5":{"start":{"line":8,"column":0},"end":{"line":17,"column":3}},"6":{"start":{"line":9,"column":27},"end":{"line":9,"column":35}},"7":{"start":{"line":10,"column":4},"end":{"line":16,"column":5}},"8":{"start":{"line":11,"column":23},"end":{"line":11,"column":66}},"9":{"start":{"line":12,"column":8},"end":{"line":12,"column":88}},"10":{"start":{"line":14,"column":8},"end":{"line":14,"column":50}},"11":{"start":{"line":15,"column":8},"end":{"line":15,"column":60}},"12":{"start":{"line":19,"column":0},"end":{"line":19,"column":24}}},"fnMap":{"0":{"name":"(anonymous_0)","decl":{"start":{"line":8,"column":17},"end":{"line":8,"column":18}},"loc":{"start":{"line":8,"column":36},"end":{"line":17,"column":1}},"line":8}},"branchMap":{},"s":{"0":1,"1":1,"2":1,"3":1,"4":1,"5":1,"6":3,"7":3,"8":3,"9":2,"10":1,"11":1,"12":1},"f":{"0":3},"b":{},"_coverageSchema":"1a1c01bbd47fc00a2c39e90264f33305004495a9","hash":"24b937cbda73bb34649c7683408f42cefba77b79"}
,"/Users/michael/Documents/Capstone/Team2/server/controllers/configFirebase.js": {"path":"/Users/michael/Documents/Capstone/Team2/server/controllers/configFirebase.js","statementMap":{"0":{"start":{"line":1,"column":16},"end":{"line":1,"column":34}},"1":{"start":{"line":2,"column":15},"end":{"line":2,"column":31}},"2":{"start":{"line":4,"column":0},"end":{"line":16,"column":3}},"3":{"start":{"line":5,"column":27},"end":{"line":13,"column":5}},"4":{"start":{"line":15,"column":4},"end":{"line":15,"column":41}},"5":{"start":{"line":18,"column":0},"end":{"line":18,"column":24}}},"fnMap":{"0":{"name":"(anonymous_0)","decl":{"start":{"line":4,"column":16},"end":{"line":4,"column":17}},"loc":{"start":{"line":4,"column":30},"end":{"line":16,"column":1}},"line":4}},"branchMap":{},"s":{"0":1,"1":1,"2":1,"3":0,"4":0,"5":1},"f":{"0":0},"b":{},"_coverageSchema":"1a1c01bbd47fc00a2c39e90264f33305004495a9","hash":"a86ba757eb2d31dae98623028dce72853f1114d9"}
,"/Users/michael/Documents/Capstone/Team2/server/controllers/index.js": {"path":"/Users/michael/Documents/Capstone/Team2/server/controllers/index.js","statementMap":{"0":{"start":{"line":1,"column":16},"end":{"line":1,"column":34}},"1":{"start":{"line":2,"column":15},"end":{"line":2,"column":31}},"2":{"start":{"line":3,"column":27},"end":{"line":3,"column":48}},"3":{"start":{"line":4,"column":22},"end":{"line":4,"column":48}},"4":{"start":{"line":5,"column":23},"end":{"line":5,"column":50}},"5":{"start":{"line":6,"column":23},"end":{"line":6,"column":50}},"6":{"start":{"line":7,"column":15},"end":{"line":7,"column":34}},"7":{"start":{"line":9,"column":0},"end":{"line":9,"column":44}},"8":{"start":{"line":10,"column":0},"end":{"line":10,"column":44}},"9":{"start":{"line":11,"column":0},"end":{"line":11,"column":46}},"10":{"start":{"line":12,"column":0},"end":{"line":12,"column":46}},"11":{"start":{"line":13,"column":0},"end":{"line":13,"column":30}},"12":{"start":{"line":14,"column":0},"end":{"line":14,"column":24}}},"fnMap":{},"branchMap":{},"s":{"0":1,"1":1,"2":1,"3":1,"4":1,"5":1,"6":1,"7":1,"8":1,"9":1,"10":1,"11":1,"12":1},"f":{},"b":{},"_coverageSchema":"1a1c01bbd47fc00a2c39e90264f33305004495a9","hash":"1afa0a64ea5eaf225874d5ea1362d95a2af89c75"}
,"/Users/michael/Documents/Capstone/Team2/server/controllers/jeopardy.js": {"path":"/Users/michael/Documents/Capstone/Team2/server/controllers/jeopardy.js","statementMap":{"0":{"start":{"line":1,"column":16},"end":{"line":1,"column":34}},"1":{"start":{"line":2,"column":15},"end":{"line":2,"column":31}},"2":{"start":{"line":3,"column":21},"end":{"line":3,"column":41}},"3":{"start":{"line":5,"column":0},"end":{"line":13,"column":6}},"4":{"start":{"line":7,"column":8},"end":{"line":12,"column":9}},"5":{"start":{"line":8,"column":27},"end":{"line":8,"column":51}},"6":{"start":{"line":9,"column":8},"end":{"line":9,"column":41}},"7":{"start":{"line":11,"column":8},"end":{"line":11,"column":53}},"8":{"start":{"line":15,"column":0},"end":{"line":15,"column":24}}},"fnMap":{"0":{"name":"(anonymous_0)","decl":{"start":{"line":6,"column":9},"end":{"line":6,"column":10}},"loc":{"start":{"line":6,"column":29},"end":{"line":13,"column":5}},"line":6}},"branchMap":{},"s":{"0":1,"1":1,"2":1,"3":1,"4":3,"5":3,"6":2,"7":1,"8":1},"f":{"0":3},"b":{},"_coverageSchema":"1a1c01bbd47fc00a2c39e90264f33305004495a9","hash":"6b6fdfde3dc65da0fbc3dfdc001b997c355780c0"}
,"/Users/michael/Documents/Capstone/Team2/server/controllers/sendEmailLink.js": {"path":"/Users/michael/Documents/Capstone/Team2/server/controllers/sendEmailLink.js","statementMap":{"0":{"start":{"line":1,"column":16},"end":{"line":1,"column":34}},"1":{"start":{"line":2,"column":15},"end":{"line":2,"column":31}},"2":{"start":{"line":3,"column":43},"end":{"line":3,"column":67}},"3":{"start":{"line":4,"column":22},"end":{"line":4,"column":53}},"4":{"start":{"line":5,"column":12},"end":{"line":5,"column":44}},"5":{"start":{"line":6,"column":13},"end":{"line":6,"column":25}},"6":{"start":{"line":9,"column":2},"end":{"line":9,"column":49}},"7":{"start":{"line":10,"column":2},"end":{"line":19,"column":3}},"8":{"start":{"line":11,"column":23},"end":{"line":11,"column":60}},"9":{"start":{"line":12,"column":4},"end":{"line":12,"column":16}},"10":{"start":{"line":14,"column":4},"end":{"line":14,"column":67}},"11":{"start":{"line":15,"column":4},"end":{"line":18,"column":60}},"12":{"start":{"line":16,"column":6},"end":{"line":16,"column":19}},"13":{"start":{"line":18,"column":9},"end":{"line":18,"column":59}},"14":{"start":{"line":22,"column":0},"end":{"line":44,"column":3}},"15":{"start":{"line":23,"column":20},"end":{"line":23,"column":28}},"16":{"start":{"line":24,"column":21},"end":{"line":24,"column":51}},"17":{"start":{"line":26,"column":2},"end":{"line":43,"column":3}},"18":{"start":{"line":27,"column":4},"end":{"line":27,"column":67}},"19":{"start":{"line":29,"column":4},"end":{"line":29,"column":28}},"20":{"start":{"line":30,"column":31},"end":{"line":33,"column":5}},"21":{"start":{"line":35,"column":4},"end":{"line":42,"column":5}},"22":{"start":{"line":36,"column":6},"end":{"line":36,"column":67}},"23":{"start":{"line":37,"column":6},"end":{"line":37,"column":38}},"24":{"start":{"line":38,"column":6},"end":{"line":38,"column":60}},"25":{"start":{"line":40,"column":6},"end":{"line":40,"column":57}},"26":{"start":{"line":41,"column":6},"end":{"line":41,"column":61}},"27":{"start":{"line":46,"column":0},"end":{"line":46,"column":24}}},"fnMap":{"0":{"name":"checkIfUserExists","decl":{"start":{"line":8,"column":15},"end":{"line":8,"column":32}},"loc":{"start":{"line":8,"column":40},"end":{"line":20,"column":1}},"line":8},"1":{"name":"(anonymous_1)","decl":{"start":{"line":22,"column":17},"end":{"line":22,"column":18}},"loc":{"start":{"line":22,"column":36},"end":{"line":44,"column":1}},"line":22}},"branchMap":{"0":{"loc":{"start":{"line":15,"column":4},"end":{"line":18,"column":60}},"type":"if","locations":[{"start":{"line":15,"column":4},"end":{"line":18,"column":60}},{"start":{"line":18,"column":8},"end":{"line":18,"column":60}}],"line":15},"1":{"loc":{"start":{"line":26,"column":2},"end":{"line":43,"column":3}},"type":"if","locations":[{"start":{"line":26,"column":2},"end":{"line":43,"column":3}},{"start":{"line":28,"column":9},"end":{"line":43,"column":3}}],"line":26}},"s":{"0":1,"1":1,"2":1,"3":1,"4":1,"5":1,"6":0,"7":0,"8":0,"9":0,"10":0,"11":0,"12":0,"13":0,"14":1,"15":0,"16":0,"17":0,"18":0,"19":0,"20":0,"21":0,"22":0,"23":0,"24":0,"25":0,"26":0,"27":1},"f":{"0":0,"1":0},"b":{"0":[0,0],"1":[0,0]},"_coverageSchema":"1a1c01bbd47fc00a2c39e90264f33305004495a9","hash":"a85b44ad46f5d1708e39ef96d983ee4f4bf9959e"}
,"/Users/michael/Documents/Capstone/Team2/server/controllers/signin.js": {"path":"/Users/michael/Documents/Capstone/Team2/server/controllers/signin.js","statementMap":{"0":{"start":{"line":1,"column":16},"end":{"line":1,"column":34}},"1":{"start":{"line":2,"column":64},"end":{"line":2,"column":88}},"2":{"start":{"line":3,"column":12},"end":{"line":3,"column":44}},"3":{"start":{"line":4,"column":15},"end":{"line":4,"column":31}},"4":{"start":{"line":5,"column":13},"end":{"line":5,"column":25}},"5":{"start":{"line":7,"column":0},"end":{"line":28,"column":5}},"6":{"start":{"line":8,"column":4},"end":{"line":27,"column":5}},"7":{"start":{"line":9,"column":38},"end":{"line":9,"column":46}},"8":{"start":{"line":11,"column":6},"end":{"line":23,"column":7}},"9":{"start":{"line":12,"column":8},"end":{"line":20,"column":9}},"10":{"start":{"line":13,"column":33},"end":{"line":13,"column":76}},"11":{"start":{"line":14,"column":23},"end":{"line":14,"column":42}},"12":{"start":{"line":16,"column":10},"end":{"line":16,"column":77}},"13":{"start":{"line":18,"column":10},"end":{"line":18,"column":60}},"14":{"start":{"line":19,"column":10},"end":{"line":19,"column":59}},"15":{"start":{"line":22,"column":8},"end":{"line":22,"column":65}},"16":{"start":{"line":25,"column":6},"end":{"line":25,"column":39}},"17":{"start":{"line":26,"column":6},"end":{"line":26,"column":62}},"18":{"start":{"line":30,"column":2},"end":{"line":30,"column":26}}},"fnMap":{"0":{"name":"(anonymous_0)","decl":{"start":{"line":7,"column":17},"end":{"line":7,"column":18}},"loc":{"start":{"line":7,"column":36},"end":{"line":28,"column":3}},"line":7}},"branchMap":{"0":{"loc":{"start":{"line":8,"column":4},"end":{"line":27,"column":5}},"type":"if","locations":[{"start":{"line":8,"column":4},"end":{"line":27,"column":5}},{"start":{"line":24,"column":11},"end":{"line":27,"column":5}}],"line":8},"1":{"loc":{"start":{"line":11,"column":6},"end":{"line":23,"column":7}},"type":"if","locations":[{"start":{"line":11,"column":6},"end":{"line":23,"column":7}},{"start":{"line":21,"column":13},"end":{"line":23,"column":7}}],"line":11}},"s":{"0":1,"1":1,"2":1,"3":1,"4":1,"5":1,"6":1,"7":1,"8":1,"9":1,"10":1,"11":1,"12":1,"13":0,"14":0,"15":0,"16":0,"17":0,"18":1},"f":{"0":1},"b":{"0":[1,0],"1":[1,0]},"_coverageSchema":"1a1c01bbd47fc00a2c39e90264f33305004495a9","hash":"9f3edc6ff308628c1e54087897f822b81045a42f"}
,"/Users/michael/Documents/Capstone/Team2/server/lib/firebaseConfig.js": {"path":"/Users/michael/Documents/Capstone/Team2/server/lib/firebaseConfig.js","statementMap":{"0":{"start":{"line":1,"column":26},"end":{"line":1,"column":49}},"1":{"start":{"line":2,"column":0},"end":{"line":2,"column":27}},"2":{"start":{"line":4,"column":23},"end":{"line":12,"column":1}},"3":{"start":{"line":14,"column":12},"end":{"line":14,"column":41}},"4":{"start":{"line":15,"column":0},"end":{"line":15,"column":21}}},"fnMap":{},"branchMap":{},"s":{"0":1,"1":1,"2":1,"3":1,"4":1},"f":{},"b":{},"_coverageSchema":"1a1c01bbd47fc00a2c39e90264f33305004495a9","hash":"5f064aa746cdf26ba7bdc12c99f2b7b13ffda237"}
}
